# JRE version: OpenJDK Runtime Environment Temurin-17.0.2+8 (17.0.2+8) (build 17.0.2+8)
# Java VM: OpenJDK 64-Bit Server VM Temurin-17.0.2+8 (17.0.2+8, mixed mode, tiered, compressed oops, compressed class ptrs, g1 gc, linux-amd64)
GC Precious Log:
 CPUs: 8 total, 8 available
 Memory: 5869M
 Large Page Support: Disabled
 NUMA Support: Disabled
 Compressed Oops: Enabled (32-bit)
 Heap Region Size: 1M
 Heap Min Capacity: 8M
 Heap Initial Capacity: 92M
 Heap Max Capacity: 1468M
 Pre-touch: Disabled
 Parallel Workers: 8
 Concurrent Workers: 2
 Concurrent Refinement Workers: 8
 Periodic GC: Disabled
Heap:
 garbage-first heap   total 50176K, used 37786K [0x00000000a4400000, 0x0000000100000000)
  region size 1024K, 16 young (16384K), 0 survivors (0K)
 Metaspace       used 56754K, committed 57152K, reserved 1105920K
  class space    used 6992K, committed 7168K, reserved 1048576K
GC Heap History (20 events):
Event: 2.343 GC heap after
{Heap after GC invocations=8 (full 0):
 garbage-first heap   total 34816K, used 13043K [0x00000000a4400000, 0x0000000100000000)
  region size 1024K, 2 young (2048K), 2 survivors (2048K)
 Metaspace       used 31140K, committed 31360K, reserved 1081344K
  class space    used 3669K, committed 3776K, reserved 1048576K
}
Event: 2.554 GC heap before
{Heap before GC invocations=8 (full 0):
 garbage-first heap   total 34816K, used 25331K [0x00000000a4400000, 0x0000000100000000)
  region size 1024K, 15 young (15360K), 2 survivors (2048K)
 Metaspace       used 34283K, committed 34560K, reserved 1081344K
  class space    used 4003K, committed 4160K, reserved 1048576K
}
Event: 2.558 GC heap after
{Heap after GC invocations=9 (full 0):
 garbage-first heap   total 34816K, used 14864K [0x00000000a4400000, 0x0000000100000000)
  region size 1024K, 2 young (2048K), 2 survivors (2048K)
 Metaspace       used 34283K, committed 34560K, reserved 1081344K
  class space    used 4003K, committed 4160K, reserved 1048576K
}
Event: 2.687 GC heap before
{Heap before GC invocations=9 (full 0):
 garbage-first heap   total 34816K, used 23056K [0x00000000a4400000, 0x0000000100000000)
  region size 1024K, 11 young (11264K), 2 survivors (2048K)
 Metaspace       used 35849K, committed 36096K, reserved 1081344K
  class space    used 4175K, committed 4288K, reserved 1048576K
}
Event: 2.690 GC heap after
{Heap after GC invocations=10 (full 0):
 garbage-first heap   total 50176K, used 15622K [0x00000000a4400000, 0x0000000100000000)
  region size 1024K, 1 young (1024K), 1 survivors (1024K)
 Metaspace       used 35849K, committed 36096K, reserved 1081344K
  class space    used 4175K, committed 4288K, reserved 1048576K
}
Event: 3.074 GC heap before
{Heap before GC invocations=11 (full 0):
 garbage-first heap   total 50176K, used 36102K [0x00000000a4400000, 0x0000000100000000)
  region size 1024K, 21 young (21504K), 1 survivors (1024K)
 Metaspace       used 41145K, committed 41472K, reserved 1089536K
  class space    used 4814K, committed 4992K, reserved 1048576K
}
Event: 3.077 GC heap after
{Heap after GC invocations=12 (full 0):
 garbage-first heap   total 50176K, used 17181K [0x00000000a4400000, 0x0000000100000000)
  region size 1024K, 3 young (3072K), 3 survivors (3072K)
 Metaspace       used 41145K, committed 41472K, reserved 1089536K
  class space    used 4814K, committed 4992K, reserved 1048576K
}
Event: 3.454 GC heap before
{Heap before GC invocations=13 (full 0):
 garbage-first heap   total 50176K, used 36637K [0x00000000a4400000, 0x0000000100000000)
  region size 1024K, 22 young (22528K), 3 survivors (3072K)
 Metaspace       used 46429K, committed 46784K, reserved 1089536K
  class space    used 5769K, committed 5952K, reserved 1048576K
}
Event: 3.457 GC heap after
{Heap after GC invocations=14 (full 0):
 garbage-first heap   total 50176K, used 18098K [0x00000000a4400000, 0x0000000100000000)
  region size 1024K, 3 young (3072K), 3 survivors (3072K)
 Metaspace       used 46429K, committed 46784K, reserved 1089536K
  class space    used 5769K, committed 5952K, reserved 1048576K
}
Event: 3.797 GC heap before
{Heap before GC invocations=14 (full 0):
 garbage-first heap   total 50176K, used 37554K [0x00000000a4400000, 0x0000000100000000)
  region size 1024K, 22 young (22528K), 3 survivors (3072K)
 Metaspace       used 50293K, committed 50624K, reserved 1097728K
  class space    used 6273K, committed 6464K, reserved 1048576K
}
Event: 3.801 GC heap after
{Heap after GC invocations=15 (full 0):
 garbage-first heap   total 50176K, used 19942K [0x00000000a4400000, 0x0000000100000000)
  region size 1024K, 3 young (3072K), 3 survivors (3072K)
 Metaspace       used 50293K, committed 50624K, reserved 1097728K
  class space    used 6273K, committed 6464K, reserved 1048576K
}
Event: 10.324 GC heap before
{Heap before GC invocations=15 (full 0):
 garbage-first heap   total 50176K, used 38374K [0x00000000a4400000, 0x0000000100000000)
  region size 1024K, 21 young (21504K), 3 survivors (3072K)
 Metaspace       used 53521K, committed 53824K, reserved 1097728K
  class space    used 6672K, committed 6784K, reserved 1048576K
}
Event: 10.328 GC heap after
{Heap after GC invocations=16 (full 0):
 garbage-first heap   total 50176K, used 21676K [0x00000000a4400000, 0x0000000100000000)
  region size 1024K, 2 young (2048K), 2 survivors (2048K)
 Metaspace       used 53521K, committed 53824K, reserved 1097728K
  class space    used 6672K, committed 6784K, reserved 1048576K
}
Event: 840.235 GC heap before
{Heap before GC invocations=16 (full 0):
 garbage-first heap   total 50176K, used 37036K [0x00000000a4400000, 0x0000000100000000)
  region size 1024K, 18 young (18432K), 2 survivors (2048K)
 Metaspace       used 56086K, committed 56384K, reserved 1105920K
  class space    used 6951K, committed 7104K, reserved 1048576K
}
Event: 840.264 GC heap after
{Heap after GC invocations=17 (full 1):
 garbage-first heap   total 50176K, used 17974K [0x00000000a4400000, 0x0000000100000000)
  region size 1024K, 0 young (0K), 0 survivors (0K)
 Metaspace       used 56086K, committed 56384K, reserved 1105920K
  class space    used 6951K, committed 7104K, reserved 1048576K
}
Event: 840.568 GC heap before
{Heap before GC invocations=17 (full 1):
 garbage-first heap   total 50176K, used 37430K [0x00000000a4400000, 0x0000000100000000)
  region size 1024K, 19 young (19456K), 0 survivors (0K)
 Metaspace       used 56194K, committed 56512K, reserved 1105920K
  class space    used 6957K, committed 7104K, reserved 1048576K
}
Event: 840.570 GC heap after
{Heap after GC invocations=18 (full 1):
 garbage-first heap   total 50176K, used 19665K [0x00000000a4400000, 0x0000000100000000)
  region size 1024K, 2 young (2048K), 2 survivors (2048K)
 Metaspace       used 56194K, committed 56512K, reserved 1105920K
  class space    used 6957K, committed 7104K, reserved 1048576K
}
Event: 840.780 GC heap before
{Heap before GC invocations=18 (full 1):
 garbage-first heap   total 50176K, used 38097K [0x00000000a4400000, 0x0000000100000000)
  region size 1024K, 20 young (20480K), 2 survivors (2048K)
 Metaspace       used 56481K, committed 56896K, reserved 1105920K
  class space    used 6962K, committed 7168K, reserved 1048576K
}
Event: 840.783 GC heap after
{Heap after GC invocations=19 (full 1):
 garbage-first heap   total 50176K, used 21402K [0x00000000a4400000, 0x0000000100000000)
  region size 1024K, 3 young (3072K), 3 survivors (3072K)
 Metaspace       used 56481K, committed 56896K, reserved 1105920K
  class space    used 6962K, committed 7168K, reserved 1048576K
}
Event: 2084.402 GC heap before
{Heap before GC invocations=19 (full 1):
 garbage-first heap   total 50176K, used 37786K [0x00000000a4400000, 0x0000000100000000)
  region size 1024K, 19 young (19456K), 3 survivors (3072K)
 Metaspace       used 56754K, committed 57152K, reserved 1105920K
  class space    used 6992K, committed 7168K, reserved 1048576K
}

