# JRE version: OpenJDK Runtime Environment Temurin-17.0.2+8 (17.0.2+8) (build 17.0.2+8)
# Java VM: OpenJDK 64-Bit Server VM Temurin-17.0.2+8 (17.0.2+8, mixed mode, tiered, compressed oops, compressed class ptrs, g1 gc, linux-amd64)
GC Precious Log:
 CPUs: 8 total, 8 available
 Memory: 5869M
 Large Page Support: Disabled
 NUMA Support: Disabled
 Compressed Oops: Enabled (32-bit)
 Heap Region Size: 1M
 Heap Min Capacity: 8M
 Heap Initial Capacity: 92M
 Heap Max Capacity: 1468M
 Pre-touch: Disabled
 Parallel Workers: 8
 Concurrent Workers: 2
 Concurrent Refinement Workers: 8
 Periodic GC: Disabled
Heap:
 garbage-first heap   total 61440K, used 23086K [0x00000000a4400000, 0x0000000100000000)
  region size 1024K, 2 young (2048K), 1 survivors (1024K)
 Metaspace       used 61895K, committed 62656K, reserved 1105920K
  class space    used 7382K, committed 7744K, reserved 1048576K
GC Heap History (20 events):
Event: 4121.828 GC heap before
{Heap before GC invocations=112 (full 20):
 garbage-first heap   total 61440K, used 38812K [0x00000000a4400000, 0x0000000100000000)
  region size 1024K, 22 young (22528K), 3 survivors (3072K)
 Metaspace       used 61310K, committed 62080K, reserved 1105920K
  class space    used 7348K, committed 7744K, reserved 1048576K
}
Event: 4121.864 GC heap after
{Heap after GC invocations=113 (full 21):
 garbage-first heap   total 61440K, used 18263K [0x00000000a4400000, 0x0000000100000000)
  region size 1024K, 0 young (0K), 0 survivors (0K)
 Metaspace       used 61307K, committed 62080K, reserved 1105920K
  class space    used 7347K, committed 7744K, reserved 1048576K
}
Event: 4122.028 GC heap before
{Heap before GC invocations=113 (full 21):
 garbage-first heap   total 61440K, used 45911K [0x00000000a4400000, 0x0000000100000000)
  region size 1024K, 27 young (27648K), 0 survivors (0K)
 Metaspace       used 61340K, committed 62080K, reserved 1105920K
  class space    used 7352K, committed 7744K, reserved 1048576K
}
Event: 4122.030 GC heap after
{Heap after GC invocations=114 (full 21):
 garbage-first heap   total 61440K, used 20514K [0x00000000a4400000, 0x0000000100000000)
  region size 1024K, 3 young (3072K), 3 survivors (3072K)
 Metaspace       used 61340K, committed 62080K, reserved 1105920K
  class space    used 7352K, committed 7744K, reserved 1048576K
}
Event: 4149.739 GC heap before
{Heap before GC invocations=115 (full 21):
 garbage-first heap   total 61440K, used 35874K [0x00000000a4400000, 0x0000000100000000)
  region size 1024K, 20 young (20480K), 3 survivors (3072K)
 Metaspace       used 61401K, committed 62144K, reserved 1105920K
  class space    used 7355K, committed 7744K, reserved 1048576K
}
Event: 4149.788 GC heap after
{Heap after GC invocations=116 (full 22):
 garbage-first heap   total 61440K, used 18355K [0x00000000a4400000, 0x0000000100000000)
  region size 1024K, 0 young (0K), 0 survivors (0K)
 Metaspace       used 61398K, committed 62144K, reserved 1105920K
  class space    used 7354K, committed 7744K, reserved 1048576K
}
Event: 4149.951 GC heap before
{Heap before GC invocations=116 (full 22):
 garbage-first heap   total 61440K, used 46003K [0x00000000a4400000, 0x0000000100000000)
  region size 1024K, 27 young (27648K), 0 survivors (0K)
 Metaspace       used 61438K, committed 62272K, reserved 1105920K
  class space    used 7358K, committed 7744K, reserved 1048576K
}
Event: 4149.953 GC heap after
{Heap after GC invocations=117 (full 22):
 garbage-first heap   total 61440K, used 20607K [0x00000000a4400000, 0x0000000100000000)
  region size 1024K, 3 young (3072K), 3 survivors (3072K)
 Metaspace       used 61438K, committed 62272K, reserved 1105920K
  class space    used 7358K, committed 7744K, reserved 1048576K
}
Event: 4173.669 GC heap before
{Heap before GC invocations=118 (full 22):
 garbage-first heap   total 61440K, used 35967K [0x00000000a4400000, 0x0000000100000000)
  region size 1024K, 20 young (20480K), 3 survivors (3072K)
 Metaspace       used 61503K, committed 62336K, reserved 1105920K
  class space    used 7363K, committed 7744K, reserved 1048576K
}
Event: 4173.712 GC heap after
{Heap after GC invocations=119 (full 23):
 garbage-first heap   total 61440K, used 18418K [0x00000000a4400000, 0x0000000100000000)
  region size 1024K, 0 young (0K), 0 survivors (0K)
 Metaspace       used 61501K, committed 62336K, reserved 1105920K
  class space    used 7362K, committed 7744K, reserved 1048576K
}
Event: 4173.876 GC heap before
{Heap before GC invocations=119 (full 23):
 garbage-first heap   total 61440K, used 46066K [0x00000000a4400000, 0x0000000100000000)
  region size 1024K, 27 young (27648K), 0 survivors (0K)
 Metaspace       used 61520K, committed 62336K, reserved 1105920K
  class space    used 7365K, committed 7744K, reserved 1048576K
}
Event: 4173.878 GC heap after
{Heap after GC invocations=120 (full 23):
 garbage-first heap   total 61440K, used 20669K [0x00000000a4400000, 0x0000000100000000)
  region size 1024K, 3 young (3072K), 3 survivors (3072K)
 Metaspace       used 61520K, committed 62336K, reserved 1105920K
  class space    used 7365K, committed 7744K, reserved 1048576K
}
Event: 4285.648 GC heap before
{Heap before GC invocations=121 (full 23):
 garbage-first heap   total 61440K, used 39101K [0x00000000a4400000, 0x0000000100000000)
  region size 1024K, 23 young (23552K), 3 survivors (3072K)
 Metaspace       used 61579K, committed 62400K, reserved 1105920K
  class space    used 7368K, committed 7744K, reserved 1048576K
}
Event: 4285.684 GC heap after
{Heap after GC invocations=122 (full 24):
 garbage-first heap   total 61440K, used 18490K [0x00000000a4400000, 0x0000000100000000)
  region size 1024K, 0 young (0K), 0 survivors (0K)
 Metaspace       used 61576K, committed 62400K, reserved 1105920K
  class space    used 7368K, committed 7744K, reserved 1048576K
}
Event: 4285.818 GC heap before
{Heap before GC invocations=122 (full 24):
 garbage-first heap   total 61440K, used 46138K [0x00000000a4400000, 0x0000000100000000)
  region size 1024K, 28 young (28672K), 0 survivors (0K)
 Metaspace       used 61596K, committed 62400K, reserved 1105920K
  class space    used 7371K, committed 7744K, reserved 1048576K
}
Event: 4285.821 GC heap after
{Heap after GC invocations=123 (full 24):
 garbage-first heap   total 61440K, used 20876K [0x00000000a4400000, 0x0000000100000000)
  region size 1024K, 3 young (3072K), 3 survivors (3072K)
 Metaspace       used 61596K, committed 62400K, reserved 1105920K
  class space    used 7371K, committed 7744K, reserved 1048576K
}
Event: 4527.766 GC heap before
{Heap before GC invocations=124 (full 24):
 garbage-first heap   total 61440K, used 47500K [0x00000000a4400000, 0x0000000100000000)
  region size 1024K, 29 young (29696K), 3 survivors (3072K)
 Metaspace       used 61796K, committed 62592K, reserved 1105920K
  class space    used 7379K, committed 7744K, reserved 1048576K
}
Event: 4527.778 GC heap after
{Heap after GC invocations=125 (full 24):
 garbage-first heap   total 61440K, used 22607K [0x00000000a4400000, 0x0000000100000000)
  region size 1024K, 4 young (4096K), 4 survivors (4096K)
 Metaspace       used 61796K, committed 62592K, reserved 1105920K
  class space    used 7379K, committed 7744K, reserved 1048576K
}
Event: 5171.973 GC heap before
{Heap before GC invocations=125 (full 24):
 garbage-first heap   total 61440K, used 47183K [0x00000000a4400000, 0x0000000100000000)
  region size 1024K, 28 young (28672K), 4 survivors (4096K)
 Metaspace       used 61895K, committed 62656K, reserved 1105920K
  class space    used 7382K, committed 7744K, reserved 1048576K
}
Event: 5171.976 GC heap after
{Heap after GC invocations=126 (full 24):
 garbage-first heap   total 61440K, used 23086K [0x00000000a4400000, 0x0000000100000000)
  region size 1024K, 1 young (1024K), 1 survivors (1024K)
 Metaspace       used 61895K, committed 62656K, reserved 1105920K
  class space    used 7382K, committed 7744K, reserved 1048576K
}

